2025-02-05T19:21:47.152Z  INFO 8885 --- [main] o.j.b.BenefitsCheckerApplication         : Starting BenefitsCheckerApplication using Java 17.0.14 with PID 8885 (/Users/tristanmonahan/Documents/GitHub/Tristan-Monahan/benefits_checker/target/classes started by tristanmonahan in /Users/tristanmonahan/Documents/GitHub/Tristan-Monahan/benefits_checker)
2025-02-05T19:21:47.155Z DEBUG 8885 --- [main] o.j.b.BenefitsCheckerApplication         : Running with Spring Boot v3.2.3, Spring v6.1.4
2025-02-05T19:21:47.157Z  INFO 8885 --- [main] o.j.b.BenefitsCheckerApplication         : No active profile set, falling back to 1 default profile: "default"
2025-02-05T19:21:48.996Z  INFO 8885 --- [main] o.s.b.w.embedded.tomcat.TomcatWebServer  : Tomcat initialized with port 8080 (http)
2025-02-05T19:21:49.015Z  INFO 8885 --- [main] o.apache.catalina.core.StandardService   : Starting service [Tomcat]
2025-02-05T19:21:49.016Z  INFO 8885 --- [main] o.apache.catalina.core.StandardEngine    : Starting Servlet engine: [Apache Tomcat/10.1.19]
2025-02-05T19:21:49.114Z  INFO 8885 --- [main] o.a.c.c.C.[Tomcat].[localhost].[/]       : Initializing Spring embedded WebApplicationContext
2025-02-05T19:21:49.115Z  INFO 8885 --- [main] w.s.c.ServletWebServerApplicationContext : Root WebApplicationContext: initialization completed in 1863 ms
2025-02-05T19:21:49.772Z  INFO 8885 --- [main] o.s.b.w.embedded.tomcat.TomcatWebServer  : Tomcat started on port 8080 (http) with context path ''
2025-02-05T19:21:49.792Z  INFO 8885 --- [main] o.j.b.BenefitsCheckerApplication         : Started BenefitsCheckerApplication in 3.347 seconds (process running for 4.048)
2025-02-05T19:22:01.127Z  INFO 8885 --- [http-nio-8080-exec-1] o.a.c.c.C.[Tomcat].[localhost].[/]       : Initializing Spring DispatcherServlet 'dispatcherServlet'
2025-02-05T19:22:01.132Z  INFO 8885 --- [http-nio-8080-exec-1] o.s.web.servlet.DispatcherServlet        : Initializing Servlet 'dispatcherServlet'
2025-02-05T19:22:01.161Z  INFO 8885 --- [http-nio-8080-exec-1] o.s.web.servlet.DispatcherServlet        : Completed initialization in 28 ms
2025-02-05T19:22:19.185Z  INFO 8885 --- [http-nio-8080-exec-4] o.jufupu.benefits_checker.model.Benefit  : Checking Low Income Support for user in Glasgow
2025-02-05T19:22:19.187Z  INFO 8885 --- [http-nio-8080-exec-4] o.jufupu.benefits_checker.model.Benefit  : Income check: 15000.0 <= 30000.0 = true
2025-02-05T19:22:19.188Z  INFO 8885 --- [http-nio-8080-exec-4] o.jufupu.benefits_checker.model.Benefit  : Family size check: 3 <= 4 = true
2025-02-05T19:22:19.188Z  INFO 8885 --- [http-nio-8080-exec-4] o.jufupu.benefits_checker.model.Benefit  : Location check: Glasgow equals Glasgow = true
2025-02-05T19:22:19.188Z  INFO 8885 --- [http-nio-8080-exec-4] o.jufupu.benefits_checker.model.Benefit  : Checking Family Assistance for user in Glasgow
2025-02-05T19:22:19.188Z  INFO 8885 --- [http-nio-8080-exec-4] o.jufupu.benefits_checker.model.Benefit  : Income check: 15000.0 <= 50000.0 = true
2025-02-05T19:22:19.188Z  INFO 8885 --- [http-nio-8080-exec-4] o.jufupu.benefits_checker.model.Benefit  : Family size check: 3 <= 6 = true
2025-02-05T19:22:19.188Z  INFO 8885 --- [http-nio-8080-exec-4] o.jufupu.benefits_checker.model.Benefit  : Location check: Glasgow equals Edinburgh = false
2025-02-05T19:22:19.188Z  INFO 8885 --- [http-nio-8080-exec-4] o.jufupu.benefits_checker.model.Benefit  : Checking Housing Aid for user in Glasgow
2025-02-05T19:22:19.188Z  INFO 8885 --- [http-nio-8080-exec-4] o.jufupu.benefits_checker.model.Benefit  : Income check: 15000.0 <= 40000.0 = true
2025-02-05T19:22:19.188Z  INFO 8885 --- [http-nio-8080-exec-4] o.jufupu.benefits_checker.model.Benefit  : Family size check: 3 <= 3 = true
2025-02-05T19:22:19.188Z  INFO 8885 --- [http-nio-8080-exec-4] o.jufupu.benefits_checker.model.Benefit  : Location check: Glasgow equals Aberdeen = false
2025-02-05T19:22:49.040Z  INFO 8885 --- [http-nio-8080-exec-5] o.jufupu.benefits_checker.model.Benefit  : Checking Low Income Support for user in Glasgow
2025-02-05T19:22:49.042Z  INFO 8885 --- [http-nio-8080-exec-5] o.jufupu.benefits_checker.model.Benefit  : Income check: 40000.0 <= 30000.0 = false
2025-02-05T19:22:49.043Z  INFO 8885 --- [http-nio-8080-exec-5] o.jufupu.benefits_checker.model.Benefit  : Family size check: 3 <= 4 = true
2025-02-05T19:22:49.043Z  INFO 8885 --- [http-nio-8080-exec-5] o.jufupu.benefits_checker.model.Benefit  : Location check: Glasgow equals Glasgow = true
2025-02-05T19:22:49.043Z  INFO 8885 --- [http-nio-8080-exec-5] o.jufupu.benefits_checker.model.Benefit  : Checking Family Assistance for user in Glasgow
2025-02-05T19:22:49.043Z  INFO 8885 --- [http-nio-8080-exec-5] o.jufupu.benefits_checker.model.Benefit  : Income check: 40000.0 <= 50000.0 = true
2025-02-05T19:22:49.043Z  INFO 8885 --- [http-nio-8080-exec-5] o.jufupu.benefits_checker.model.Benefit  : Family size check: 3 <= 6 = true
2025-02-05T19:22:49.043Z  INFO 8885 --- [http-nio-8080-exec-5] o.jufupu.benefits_checker.model.Benefit  : Location check: Glasgow equals Edinburgh = false
2025-02-05T19:22:49.044Z  INFO 8885 --- [http-nio-8080-exec-5] o.jufupu.benefits_checker.model.Benefit  : Checking Housing Aid for user in Glasgow
2025-02-05T19:22:49.044Z  INFO 8885 --- [http-nio-8080-exec-5] o.jufupu.benefits_checker.model.Benefit  : Income check: 40000.0 <= 40000.0 = true
2025-02-05T19:22:49.044Z  INFO 8885 --- [http-nio-8080-exec-5] o.jufupu.benefits_checker.model.Benefit  : Family size check: 3 <= 3 = true
2025-02-05T19:22:49.044Z  INFO 8885 --- [http-nio-8080-exec-5] o.jufupu.benefits_checker.model.Benefit  : Location check: Glasgow equals Aberdeen = false
2025-02-05T19:22:55.455Z  INFO 8885 --- [http-nio-8080-exec-6] o.jufupu.benefits_checker.model.Benefit  : Checking Low Income Support for user in Glasgow
2025-02-05T19:22:55.456Z  INFO 8885 --- [http-nio-8080-exec-6] o.jufupu.benefits_checker.model.Benefit  : Income check: 10000.0 <= 30000.0 = true
2025-02-05T19:22:55.456Z  INFO 8885 --- [http-nio-8080-exec-6] o.jufupu.benefits_checker.model.Benefit  : Family size check: 3 <= 4 = true
2025-02-05T19:22:55.456Z  INFO 8885 --- [http-nio-8080-exec-6] o.jufupu.benefits_checker.model.Benefit  : Location check: Glasgow equals Glasgow = true
2025-02-05T19:22:55.456Z  INFO 8885 --- [http-nio-8080-exec-6] o.jufupu.benefits_checker.model.Benefit  : Checking Family Assistance for user in Glasgow
2025-02-05T19:22:55.457Z  INFO 8885 --- [http-nio-8080-exec-6] o.jufupu.benefits_checker.model.Benefit  : Income check: 10000.0 <= 50000.0 = true
2025-02-05T19:22:55.458Z  INFO 8885 --- [http-nio-8080-exec-6] o.jufupu.benefits_checker.model.Benefit  : Family size check: 3 <= 6 = true
2025-02-05T19:22:55.458Z  INFO 8885 --- [http-nio-8080-exec-6] o.jufupu.benefits_checker.model.Benefit  : Location check: Glasgow equals Edinburgh = false
2025-02-05T19:22:55.459Z  INFO 8885 --- [http-nio-8080-exec-6] o.jufupu.benefits_checker.model.Benefit  : Checking Housing Aid for user in Glasgow
2025-02-05T19:22:55.459Z  INFO 8885 --- [http-nio-8080-exec-6] o.jufupu.benefits_checker.model.Benefit  : Income check: 10000.0 <= 40000.0 = true
2025-02-05T19:22:55.460Z  INFO 8885 --- [http-nio-8080-exec-6] o.jufupu.benefits_checker.model.Benefit  : Family size check: 3 <= 3 = true
2025-02-05T19:22:55.460Z  INFO 8885 --- [http-nio-8080-exec-6] o.jufupu.benefits_checker.model.Benefit  : Location check: Glasgow equals Aberdeen = false
2025-02-05T19:23:01.852Z  INFO 8885 --- [http-nio-8080-exec-8] o.jufupu.benefits_checker.model.Benefit  : Checking Low Income Support for user in Glasgow
2025-02-05T19:23:01.852Z  INFO 8885 --- [http-nio-8080-exec-8] o.jufupu.benefits_checker.model.Benefit  : Income check: 20000.0 <= 30000.0 = true
2025-02-05T19:23:01.853Z  INFO 8885 --- [http-nio-8080-exec-8] o.jufupu.benefits_checker.model.Benefit  : Family size check: 3 <= 4 = true
2025-02-05T19:23:01.853Z  INFO 8885 --- [http-nio-8080-exec-8] o.jufupu.benefits_checker.model.Benefit  : Location check: Glasgow equals Glasgow = true
2025-02-05T19:23:01.853Z  INFO 8885 --- [http-nio-8080-exec-8] o.jufupu.benefits_checker.model.Benefit  : Checking Family Assistance for user in Glasgow
2025-02-05T19:23:01.853Z  INFO 8885 --- [http-nio-8080-exec-8] o.jufupu.benefits_checker.model.Benefit  : Income check: 20000.0 <= 50000.0 = true
2025-02-05T19:23:01.854Z  INFO 8885 --- [http-nio-8080-exec-8] o.jufupu.benefits_checker.model.Benefit  : Family size check: 3 <= 6 = true
2025-02-05T19:23:01.854Z  INFO 8885 --- [http-nio-8080-exec-8] o.jufupu.benefits_checker.model.Benefit  : Location check: Glasgow equals Edinburgh = false
2025-02-05T19:23:01.854Z  INFO 8885 --- [http-nio-8080-exec-8] o.jufupu.benefits_checker.model.Benefit  : Checking Housing Aid for user in Glasgow
2025-02-05T19:23:01.854Z  INFO 8885 --- [http-nio-8080-exec-8] o.jufupu.benefits_checker.model.Benefit  : Income check: 20000.0 <= 40000.0 = true
2025-02-05T19:23:01.854Z  INFO 8885 --- [http-nio-8080-exec-8] o.jufupu.benefits_checker.model.Benefit  : Family size check: 3 <= 3 = true
2025-02-05T19:23:01.854Z  INFO 8885 --- [http-nio-8080-exec-8] o.jufupu.benefits_checker.model.Benefit  : Location check: Glasgow equals Aberdeen = false
2025-02-05T19:23:02.648Z  INFO 8885 --- [http-nio-8080-exec-9] o.jufupu.benefits_checker.model.Benefit  : Checking Low Income Support for user in Glasgow
2025-02-05T19:23:02.648Z  INFO 8885 --- [http-nio-8080-exec-9] o.jufupu.benefits_checker.model.Benefit  : Income check: 20000.0 <= 30000.0 = true
2025-02-05T19:23:02.649Z  INFO 8885 --- [http-nio-8080-exec-9] o.jufupu.benefits_checker.model.Benefit  : Family size check: 3 <= 4 = true
2025-02-05T19:23:02.649Z  INFO 8885 --- [http-nio-8080-exec-9] o.jufupu.benefits_checker.model.Benefit  : Location check: Glasgow equals Glasgow = true
2025-02-05T19:23:02.650Z  INFO 8885 --- [http-nio-8080-exec-9] o.jufupu.benefits_checker.model.Benefit  : Checking Family Assistance for user in Glasgow
2025-02-05T19:23:02.650Z  INFO 8885 --- [http-nio-8080-exec-9] o.jufupu.benefits_checker.model.Benefit  : Income check: 20000.0 <= 50000.0 = true
2025-02-05T19:23:02.651Z  INFO 8885 --- [http-nio-8080-exec-9] o.jufupu.benefits_checker.model.Benefit  : Family size check: 3 <= 6 = true
2025-02-05T19:23:02.651Z  INFO 8885 --- [http-nio-8080-exec-9] o.jufupu.benefits_checker.model.Benefit  : Location check: Glasgow equals Edinburgh = false
2025-02-05T19:23:02.651Z  INFO 8885 --- [http-nio-8080-exec-9] o.jufupu.benefits_checker.model.Benefit  : Checking Housing Aid for user in Glasgow
2025-02-05T19:23:02.652Z  INFO 8885 --- [http-nio-8080-exec-9] o.jufupu.benefits_checker.model.Benefit  : Income check: 20000.0 <= 40000.0 = true
2025-02-05T19:23:02.652Z  INFO 8885 --- [http-nio-8080-exec-9] o.jufupu.benefits_checker.model.Benefit  : Family size check: 3 <= 3 = true
2025-02-05T19:23:02.652Z  INFO 8885 --- [http-nio-8080-exec-9] o.jufupu.benefits_checker.model.Benefit  : Location check: Glasgow equals Aberdeen = false
2025-02-05T19:23:09.230Z  INFO 8885 --- [http-nio-8080-exec-1] o.jufupu.benefits_checker.model.Benefit  : Checking Low Income Support for user in Glasgow
2025-02-05T19:23:09.231Z  INFO 8885 --- [http-nio-8080-exec-1] o.jufupu.benefits_checker.model.Benefit  : Income check: 30000.0 <= 30000.0 = true
2025-02-05T19:23:09.232Z  INFO 8885 --- [http-nio-8080-exec-1] o.jufupu.benefits_checker.model.Benefit  : Family size check: 6 <= 4 = false
2025-02-05T19:23:09.232Z  INFO 8885 --- [http-nio-8080-exec-1] o.jufupu.benefits_checker.model.Benefit  : Location check: Glasgow equals Glasgow = true
2025-02-05T19:23:09.233Z  INFO 8885 --- [http-nio-8080-exec-1] o.jufupu.benefits_checker.model.Benefit  : Checking Family Assistance for user in Glasgow
2025-02-05T19:23:09.234Z  INFO 8885 --- [http-nio-8080-exec-1] o.jufupu.benefits_checker.model.Benefit  : Income check: 30000.0 <= 50000.0 = true
2025-02-05T19:23:09.235Z  INFO 8885 --- [http-nio-8080-exec-1] o.jufupu.benefits_checker.model.Benefit  : Family size check: 6 <= 6 = true
2025-02-05T19:23:09.236Z  INFO 8885 --- [http-nio-8080-exec-1] o.jufupu.benefits_checker.model.Benefit  : Location check: Glasgow equals Edinburgh = false
2025-02-05T19:23:09.237Z  INFO 8885 --- [http-nio-8080-exec-1] o.jufupu.benefits_checker.model.Benefit  : Checking Housing Aid for user in Glasgow
2025-02-05T19:23:09.237Z  INFO 8885 --- [http-nio-8080-exec-1] o.jufupu.benefits_checker.model.Benefit  : Income check: 30000.0 <= 40000.0 = true
2025-02-05T19:23:09.238Z  INFO 8885 --- [http-nio-8080-exec-1] o.jufupu.benefits_checker.model.Benefit  : Family size check: 6 <= 3 = false
2025-02-05T19:23:09.239Z  INFO 8885 --- [http-nio-8080-exec-1] o.jufupu.benefits_checker.model.Benefit  : Location check: Glasgow equals Aberdeen = false
2025-02-05T19:23:13.251Z  INFO 8885 --- [http-nio-8080-exec-2] o.jufupu.benefits_checker.model.Benefit  : Checking Low Income Support for user in Glasgow
2025-02-05T19:23:13.252Z  INFO 8885 --- [http-nio-8080-exec-2] o.jufupu.benefits_checker.model.Benefit  : Income check: 20000.0 <= 30000.0 = true
2025-02-05T19:23:13.252Z  INFO 8885 --- [http-nio-8080-exec-2] o.jufupu.benefits_checker.model.Benefit  : Family size check: 6 <= 4 = false
2025-02-05T19:23:13.252Z  INFO 8885 --- [http-nio-8080-exec-2] o.jufupu.benefits_checker.model.Benefit  : Location check: Glasgow equals Glasgow = true
2025-02-05T19:23:13.252Z  INFO 8885 --- [http-nio-8080-exec-2] o.jufupu.benefits_checker.model.Benefit  : Checking Family Assistance for user in Glasgow
2025-02-05T19:23:13.252Z  INFO 8885 --- [http-nio-8080-exec-2] o.jufupu.benefits_checker.model.Benefit  : Income check: 20000.0 <= 50000.0 = true
2025-02-05T19:23:13.252Z  INFO 8885 --- [http-nio-8080-exec-2] o.jufupu.benefits_checker.model.Benefit  : Family size check: 6 <= 6 = true
2025-02-05T19:23:13.253Z  INFO 8885 --- [http-nio-8080-exec-2] o.jufupu.benefits_checker.model.Benefit  : Location check: Glasgow equals Edinburgh = false
2025-02-05T19:23:13.253Z  INFO 8885 --- [http-nio-8080-exec-2] o.jufupu.benefits_checker.model.Benefit  : Checking Housing Aid for user in Glasgow
2025-02-05T19:23:13.253Z  INFO 8885 --- [http-nio-8080-exec-2] o.jufupu.benefits_checker.model.Benefit  : Income check: 20000.0 <= 40000.0 = true
2025-02-05T19:23:13.253Z  INFO 8885 --- [http-nio-8080-exec-2] o.jufupu.benefits_checker.model.Benefit  : Family size check: 6 <= 3 = false
2025-02-05T19:23:13.253Z  INFO 8885 --- [http-nio-8080-exec-2] o.jufupu.benefits_checker.model.Benefit  : Location check: Glasgow equals Aberdeen = false
2025-02-05T19:23:17.848Z  INFO 8885 --- [http-nio-8080-exec-3] o.jufupu.benefits_checker.model.Benefit  : Checking Low Income Support for user in Glasgow
2025-02-05T19:23:17.848Z  INFO 8885 --- [http-nio-8080-exec-3] o.jufupu.benefits_checker.model.Benefit  : Income check: 10000.0 <= 30000.0 = true
2025-02-05T19:23:17.849Z  INFO 8885 --- [http-nio-8080-exec-3] o.jufupu.benefits_checker.model.Benefit  : Family size check: 6 <= 4 = false
2025-02-05T19:23:17.849Z  INFO 8885 --- [http-nio-8080-exec-3] o.jufupu.benefits_checker.model.Benefit  : Location check: Glasgow equals Glasgow = true
2025-02-05T19:23:17.849Z  INFO 8885 --- [http-nio-8080-exec-3] o.jufupu.benefits_checker.model.Benefit  : Checking Family Assistance for user in Glasgow
2025-02-05T19:23:17.849Z  INFO 8885 --- [http-nio-8080-exec-3] o.jufupu.benefits_checker.model.Benefit  : Income check: 10000.0 <= 50000.0 = true
2025-02-05T19:23:17.849Z  INFO 8885 --- [http-nio-8080-exec-3] o.jufupu.benefits_checker.model.Benefit  : Family size check: 6 <= 6 = true
2025-02-05T19:23:17.849Z  INFO 8885 --- [http-nio-8080-exec-3] o.jufupu.benefits_checker.model.Benefit  : Location check: Glasgow equals Edinburgh = false
2025-02-05T19:23:17.850Z  INFO 8885 --- [http-nio-8080-exec-3] o.jufupu.benefits_checker.model.Benefit  : Checking Housing Aid for user in Glasgow
2025-02-05T19:23:17.850Z  INFO 8885 --- [http-nio-8080-exec-3] o.jufupu.benefits_checker.model.Benefit  : Income check: 10000.0 <= 40000.0 = true
2025-02-05T19:23:17.850Z  INFO 8885 --- [http-nio-8080-exec-3] o.jufupu.benefits_checker.model.Benefit  : Family size check: 6 <= 3 = false
2025-02-05T19:23:17.850Z  INFO 8885 --- [http-nio-8080-exec-3] o.jufupu.benefits_checker.model.Benefit  : Location check: Glasgow equals Aberdeen = false
2025-02-05T19:23:20.715Z  INFO 8885 --- [http-nio-8080-exec-4] o.jufupu.benefits_checker.model.Benefit  : Checking Low Income Support for user in Glasgow
2025-02-05T19:23:20.715Z  INFO 8885 --- [http-nio-8080-exec-4] o.jufupu.benefits_checker.model.Benefit  : Income check: 10000.0 <= 30000.0 = true
2025-02-05T19:23:20.716Z  INFO 8885 --- [http-nio-8080-exec-4] o.jufupu.benefits_checker.model.Benefit  : Family size check: 3 <= 4 = true
2025-02-05T19:23:20.716Z  INFO 8885 --- [http-nio-8080-exec-4] o.jufupu.benefits_checker.model.Benefit  : Location check: Glasgow equals Glasgow = true
2025-02-05T19:23:20.716Z  INFO 8885 --- [http-nio-8080-exec-4] o.jufupu.benefits_checker.model.Benefit  : Checking Family Assistance for user in Glasgow
2025-02-05T19:23:20.716Z  INFO 8885 --- [http-nio-8080-exec-4] o.jufupu.benefits_checker.model.Benefit  : Income check: 10000.0 <= 50000.0 = true
2025-02-05T19:23:20.716Z  INFO 8885 --- [http-nio-8080-exec-4] o.jufupu.benefits_checker.model.Benefit  : Family size check: 3 <= 6 = true
2025-02-05T19:23:20.716Z  INFO 8885 --- [http-nio-8080-exec-4] o.jufupu.benefits_checker.model.Benefit  : Location check: Glasgow equals Edinburgh = false
2025-02-05T19:23:20.716Z  INFO 8885 --- [http-nio-8080-exec-4] o.jufupu.benefits_checker.model.Benefit  : Checking Housing Aid for user in Glasgow
2025-02-05T19:23:20.716Z  INFO 8885 --- [http-nio-8080-exec-4] o.jufupu.benefits_checker.model.Benefit  : Income check: 10000.0 <= 40000.0 = true
2025-02-05T19:23:20.717Z  INFO 8885 --- [http-nio-8080-exec-4] o.jufupu.benefits_checker.model.Benefit  : Family size check: 3 <= 3 = true
2025-02-05T19:23:20.717Z  INFO 8885 --- [http-nio-8080-exec-4] o.jufupu.benefits_checker.model.Benefit  : Location check: Glasgow equals Aberdeen = false
2025-02-05T19:23:29.007Z  INFO 8885 --- [http-nio-8080-exec-5] o.jufupu.benefits_checker.model.Benefit  : Checking Low Income Support for user in edinburgh
2025-02-05T19:23:29.007Z  INFO 8885 --- [http-nio-8080-exec-5] o.jufupu.benefits_checker.model.Benefit  : Income check: 10000.0 <= 30000.0 = true
2025-02-05T19:23:29.008Z  INFO 8885 --- [http-nio-8080-exec-5] o.jufupu.benefits_checker.model.Benefit  : Family size check: 3 <= 4 = true
2025-02-05T19:23:29.008Z  INFO 8885 --- [http-nio-8080-exec-5] o.jufupu.benefits_checker.model.Benefit  : Location check: edinburgh equals Glasgow = false
2025-02-05T19:23:29.008Z  INFO 8885 --- [http-nio-8080-exec-5] o.jufupu.benefits_checker.model.Benefit  : Checking Family Assistance for user in edinburgh
2025-02-05T19:23:29.008Z  INFO 8885 --- [http-nio-8080-exec-5] o.jufupu.benefits_checker.model.Benefit  : Income check: 10000.0 <= 50000.0 = true
2025-02-05T19:23:29.008Z  INFO 8885 --- [http-nio-8080-exec-5] o.jufupu.benefits_checker.model.Benefit  : Family size check: 3 <= 6 = true
2025-02-05T19:23:29.008Z  INFO 8885 --- [http-nio-8080-exec-5] o.jufupu.benefits_checker.model.Benefit  : Location check: edinburgh equals Edinburgh = false
2025-02-05T19:23:29.008Z  INFO 8885 --- [http-nio-8080-exec-5] o.jufupu.benefits_checker.model.Benefit  : Checking Housing Aid for user in edinburgh
2025-02-05T19:23:29.008Z  INFO 8885 --- [http-nio-8080-exec-5] o.jufupu.benefits_checker.model.Benefit  : Income check: 10000.0 <= 40000.0 = true
2025-02-05T19:23:29.008Z  INFO 8885 --- [http-nio-8080-exec-5] o.jufupu.benefits_checker.model.Benefit  : Family size check: 3 <= 3 = true
2025-02-05T19:23:29.008Z  INFO 8885 --- [http-nio-8080-exec-5] o.jufupu.benefits_checker.model.Benefit  : Location check: edinburgh equals Aberdeen = false
2025-02-05T19:23:44.620Z  INFO 8885 --- [http-nio-8080-exec-6] o.jufupu.benefits_checker.model.Benefit  : Checking Low Income Support for user in Edinburgh
2025-02-05T19:23:44.620Z  INFO 8885 --- [http-nio-8080-exec-6] o.jufupu.benefits_checker.model.Benefit  : Income check: 10000.0 <= 30000.0 = true
2025-02-05T19:23:44.620Z  INFO 8885 --- [http-nio-8080-exec-6] o.jufupu.benefits_checker.model.Benefit  : Family size check: 3 <= 4 = true
2025-02-05T19:23:44.620Z  INFO 8885 --- [http-nio-8080-exec-6] o.jufupu.benefits_checker.model.Benefit  : Location check: Edinburgh equals Glasgow = false
2025-02-05T19:23:44.620Z  INFO 8885 --- [http-nio-8080-exec-6] o.jufupu.benefits_checker.model.Benefit  : Checking Family Assistance for user in Edinburgh
2025-02-05T19:23:44.621Z  INFO 8885 --- [http-nio-8080-exec-6] o.jufupu.benefits_checker.model.Benefit  : Income check: 10000.0 <= 50000.0 = true
2025-02-05T19:23:44.621Z  INFO 8885 --- [http-nio-8080-exec-6] o.jufupu.benefits_checker.model.Benefit  : Family size check: 3 <= 6 = true
2025-02-05T19:23:44.621Z  INFO 8885 --- [http-nio-8080-exec-6] o.jufupu.benefits_checker.model.Benefit  : Location check: Edinburgh equals Edinburgh = true
2025-02-05T19:23:44.622Z  INFO 8885 --- [http-nio-8080-exec-6] o.jufupu.benefits_checker.model.Benefit  : Checking Housing Aid for user in Edinburgh
2025-02-05T19:23:44.622Z  INFO 8885 --- [http-nio-8080-exec-6] o.jufupu.benefits_checker.model.Benefit  : Income check: 10000.0 <= 40000.0 = true
2025-02-05T19:23:44.623Z  INFO 8885 --- [http-nio-8080-exec-6] o.jufupu.benefits_checker.model.Benefit  : Family size check: 3 <= 3 = true
2025-02-05T19:23:44.623Z  INFO 8885 --- [http-nio-8080-exec-6] o.jufupu.benefits_checker.model.Benefit  : Location check: Edinburgh equals Aberdeen = false
2025-02-05T19:31:05.606Z  INFO 8885 --- [http-nio-8080-exec-9] o.jufupu.benefits_checker.model.Benefit  : Checking Low Income Support for user in Glasgow
2025-02-05T19:31:05.609Z  INFO 8885 --- [http-nio-8080-exec-9] o.jufupu.benefits_checker.model.Benefit  : Income check: 25000.0 <= 30000.0 = true
2025-02-05T19:31:05.609Z  INFO 8885 --- [http-nio-8080-exec-9] o.jufupu.benefits_checker.model.Benefit  : Family size check: 3 <= 4 = true
2025-02-05T19:31:05.609Z  INFO 8885 --- [http-nio-8080-exec-9] o.jufupu.benefits_checker.model.Benefit  : Location check: Glasgow equals Glasgow = true
2025-02-05T19:31:05.610Z  INFO 8885 --- [http-nio-8080-exec-9] o.jufupu.benefits_checker.model.Benefit  : Checking Family Assistance for user in Glasgow
2025-02-05T19:31:05.610Z  INFO 8885 --- [http-nio-8080-exec-9] o.jufupu.benefits_checker.model.Benefit  : Income check: 25000.0 <= 50000.0 = true
2025-02-05T19:31:05.610Z  INFO 8885 --- [http-nio-8080-exec-9] o.jufupu.benefits_checker.model.Benefit  : Family size check: 3 <= 6 = true
2025-02-05T19:31:05.610Z  INFO 8885 --- [http-nio-8080-exec-9] o.jufupu.benefits_checker.model.Benefit  : Location check: Glasgow equals Edinburgh = false
2025-02-05T19:31:05.610Z  INFO 8885 --- [http-nio-8080-exec-9] o.jufupu.benefits_checker.model.Benefit  : Checking Housing Aid for user in Glasgow
2025-02-05T19:31:05.610Z  INFO 8885 --- [http-nio-8080-exec-9] o.jufupu.benefits_checker.model.Benefit  : Income check: 25000.0 <= 40000.0 = true
2025-02-05T19:31:05.610Z  INFO 8885 --- [http-nio-8080-exec-9] o.jufupu.benefits_checker.model.Benefit  : Family size check: 3 <= 3 = true
2025-02-05T19:31:05.610Z  INFO 8885 --- [http-nio-8080-exec-9] o.jufupu.benefits_checker.model.Benefit  : Location check: Glasgow equals Aberdeen = false
